<?xml version="1.0" encoding="UTF-8"?>
<!-- Generated by org.testng.reporters.JUnitReportReporter -->
<testsuite hostname="DESKTOP-BQPQVU2" failures="0" tests="1" name="cucumberOptions.TestNGTestRunner" time="1.049" errors="0" timestamp="2022-05-11T08:31:37 CAT" skipped="0">
  <testcase classname="cucumberOptions.TestNGTestRunner" name="runScenario" time="1.049"/>
  <system-out/>
</testsuite> <!-- cucumberOptions.TestNGTestRunner -->
